SQL> @oml4sql-regression-random-forest
SQL> -----------------------------------------------------------------------
SQL> --   Oracle Machine Learning for SQL (OML4SQL) 23ai
SQL> --
SQL> --   Regression - Random Forest Algorithm - dmrrfdemo.sql
SQL> --
SQL> --   Copyright (c) 2024 Oracle Corporation and/or its affilitiates.
SQL> --
SQL> --  The Universal Permissive License (UPL), Version 1.0
SQL> --
SQL> --  https://oss.oracle.com/licenses/upl/
SQL> -----------------------------------------------------------------------
SQL> SET ECHO ON
SQL> SET FEEDBACK 1
SQL> SET NUMWIDTH 10
SQL> SET LINESIZE 80
SQL> SET TRIMSPOOL ON
SQL> SET TAB OFF
SQL> SET PAGESIZE 100
SQL> SET LONG 10000
SQL>
SQL> -------------------------------------------------------------------------------
SQL> --                         RANDOMFOREST REGRESSION DEMO
SQL> -------------------------------------------------------------------------------
SQL> -- Explaination:
SQL> -- This demo shows how to implement the random forest regression algorithm in
SQL> -- Oracle Data Mining using R nnet algorithm.
SQL>
SQL> -- Cleanup old output table for repeat runs -----------------------------------
SQL> BEGIN EXECUTE IMMEDIATE 'DROP TABLE RF_RDEMO_SETTINGS_RE';
  2  EXCEPTION WHEN OTHERS THEN NULL; END;
  3  /

PL/SQLプロシージャが正常に完了しました。

SQL>
SQL> BEGIN
  2    sys.rqScriptDrop('RF_RDEMO_BUILD_REGRESSION', v_silent => TRUE);
  3    sys.rqScriptDrop('RF_RDEMO_SCORE_REGRESSION', v_silent => TRUE);
  4    sys.rqScriptDrop('RF_RDEMO_DETAILS_REGRESSION', v_silent => TRUE);
  5    sys.rqScriptDrop('RF_RDEMO_WEIGHT_REGRESSION', v_silent => TRUE);
  6  END;
  7  /
  sys.rqScriptDrop('RF_RDEMO_BUILD_REGRESSION', v_silent => TRUE);
  *
行でエラーが発生しました 2:
ORA-06550: line 2, column 3:
PLS-00201: identifier 'SYS.RQSCRIPTDROP' must be declared
ORA-06550: line 2, column 3:
PL/SQL: Statement ignored
ORA-06550: line 3, column 3:
PLS-00201: identifier 'SYS.RQSCRIPTDROP' must be declared
ORA-06550: line 3, column 3:
PL/SQL: Statement ignored
ORA-06550: line 4, column 3:
PLS-00201: identifier 'SYS.RQSCRIPTDROP' must be declared
ORA-06550: line 4, column 3:
PL/SQL: Statement ignored
ORA-06550: line 5, column 3:
PLS-00201: identifier 'SYS.RQSCRIPTDROP' must be declared
ORA-06550: line 5, column 3:
PL/SQL: Statement ignored

https://docs.oracle.com/error-help/db/ora-06550/


More Details :
https://docs.oracle.com/error-help/db/ora-06550/
https://docs.oracle.com/error-help/db/pls-00201/
SQL>
SQL> -- Model Settings -------------------------------------------------------------
SQL> CREATE TABLE RF_RDEMO_SETTINGS_RE (
  2          setting_name varchar2(30),
  3          setting_value varchar2(4000));

Table RF_RDEMO_SETTINGS_REは作成されました。

SQL>
SQL> BEGIN
  2   INSERT INTO RF_RDEMO_SETTINGS_RE VALUES
  3    ('ALGO_EXTENSIBLE_LANG', 'R');
  4  END;
  5  /

PL/SQLプロシージャが正常に完了しました。

SQL>
SQL> BEGIN
  2  -- Build R Function -----------------------------------------------------------
  3  -- Explanation:
  4  -- User can define their own R script function to build the model they want.
  5  -- For example, here a script named RF_RDEMO_BUILD_REGRESSION is defined. This
  6  -- function builds and returns a random forest regression model using R
  7  -- randomForest algorithm. User can also choose other R algorithm to implement
  8  -- the random forest regression algorithm.
  9
 10    sys.rqScriptCreate('RF_RDEMO_BUILD_REGRESSION', 'function(dat, form) {
 11     require(randomForest);
 12     set.seed(1234);
 13     mod <- randomForest(formula = formula(form), data=dat);
 14     mod}');
 15
 16  -- Score R Function -----------------------------------------------------------
 17  -- Explanation:
 18  -- User can define their own R script function to do the scoring using the built
 19  -- model. For example, here a script named RF_RDEMO_SCORE_REGRESSION is defined.
 20  -- This function creates and returns an R data.frame containing the target
 21  -- predictions. User can also define other prediction functions with different
 22  -- settings. Note that the randomForest function in R requires types and levels
 23  -- of the scoring data be exactly same with types and levels of training data
 24
 25    sys.rqScriptCreate('RF_RDEMO_SCORE_REGRESSION', 'function(mod, dat) {
 26     require(randomForest);
 27
 28     for(i in 1:length(names(dat))) {
 29         if(is.numeric(dat[1,i])) {
 30           dat[,i] = as.numeric(dat[,i]);}
 31         else {
 32           dat[,i] = factor(dat[,i], levels=mod$forest$xlevels[[i]]);
 33         }
 34     }
 35
 36     res <- predict(mod, newdata = dat);
 37     data.frame(pred=res)}');
 38
 39  -- Detail R Function ----------------------------------------------------------
 40  -- Explanation:
 41  -- User can define their own R script function to show the model details they
 42  -- want to display. For example, here a script named RF_RDEMO_DETAILS_REGRESSION
 43  -- is defined. This function creates and returns an R data.frame containing the
 44  -- attribute importance of the built random forest regression model. User can
 45  -- also display other details.
 46
 47    sys.rqScriptCreate('RF_RDEMO_DETAILS_REGRESSION', 'function(object, x) {
 48     mod <- object;
 49     data.frame(row_name=row.names(mod$importance), importance=mod$importance)}');
 50
 51     INSERT INTO RF_RDEMO_SETTINGS_RE
 52       VALUES(dbms_data_mining.ralg_build_function, 'RF_RDEMO_BUILD_REGRESSION');
 53     INSERT INTO RF_RDEMO_SETTINGS_RE
 54       VALUES(dbms_data_mining.ralg_score_function, 'RF_RDEMO_SCORE_REGRESSION');
 55     INSERT INTO RF_RDEMO_SETTINGS_RE
 56       VALUES(dbms_data_mining.ralg_details_function, 'RF_RDEMO_DETAILS_REGRESSION');
 57
 58  -- Once this setting is specified, a model view will be created. This model
 59  -- view will be generated to display the model details, which contains the
 60  -- attribute names and the corresponding importance.
 61
 62     INSERT INTO RF_RDEMO_SETTINGS_RE
 63       VALUES(dbms_data_mining.ralg_details_format,
 64       'select cast(''a'' as varchar2(100)) name, 1 importance from dual');
 65
 66  -- In this setting, a formula is specified,  which will be passed as a parameter
 67  -- to the model build function to build the model.
 68
 69    INSERT INTO RF_RDEMO_SETTINGS_RE
 70      VALUES(dbms_data_mining.ralg_build_parameter,
 71             'select ''AGE ~ .'' "form" from dual');
 72  END;
 73  /
  sys.rqScriptCreate('RF_RDEMO_BUILD_REGRESSION', 'function(dat, form) {
  *
行でエラーが発生しました 10:
ORA-06550: line 10, column 3:
PLS-00201: identifier 'SYS.RQSCRIPTCREATE' must be declared
ORA-06550: line 10, column 3:
PL/SQL: Statement ignored
ORA-06550: line 25, column 3:
PLS-00201: identifier 'SYS.RQSCRIPTCREATE' must be declared
ORA-06550: line 25, column 3:
PL/SQL: Statement ignored
ORA-06550: line 47, column 3:
PLS-00201: identifier 'SYS.RQSCRIPTCREATE' must be declared
ORA-06550: line 47, column 3:
PL/SQL: Statement ignored

https://docs.oracle.com/error-help/db/ora-06550/


More Details :
https://docs.oracle.com/error-help/db/ora-06550/
https://docs.oracle.com/error-help/db/pls-00201/
SQL>
SQL> BEGIN DBMS_DATA_MINING.DROP_MODEL('RF_RDEMO_REGRESSION');
  2  EXCEPTION WHEN OTHERS THEN NULL; END;
  3  /

PL/SQLプロシージャが正常に完了しました。

SQL>
SQL> -------------------------------------------------------------------------------
SQL> --                              MODEL BUILD
SQL> -------------------------------------------------------------------------------
SQL> -- Explanation:
SQL> -- Build the model using the R script user defined. Here R script
SQL> -- RF_RDEMO_BUILD_REGRESSION will be used to create the random forest
SQL> -- regression model RF_RDEMO_REGRESSION using dataset mining_data_build_v.
SQL>
SQL> BEGIN
  2    dbms_data_mining.create_model(
  3      model_name          => 'RF_RDEMO_REGRESSION',
  4      mining_function     => dbms_data_mining.regression,
  5      data_table_name     => 'mining_data_build_v',
  6      case_id_column_name => 'CUST_ID',
  7      target_column_name  => 'AGE',
  8      settings_table_name => 'RF_RDEMO_SETTINGS_RE');
  9  END;
 10  /
BEGIN
*
行でエラーが発生しました 1:
ORA-40150: Model BUILD function is not specified.
ORA-06512: at "SYS.DBMS_DATA_MINING", line 355
ORA-06512: at "SYS.DBMS_DATA_MINING", line 603
ORA-06512: at "SYS.DBMS_DATA_MINING", line 563
ORA-06512: at line 2

https://docs.oracle.com/error-help/db/ora-40150/


More Details :
https://docs.oracle.com/error-help/db/ora-40150/
https://docs.oracle.com/error-help/db/ora-06512/
SQL>
SQL> -------------------------------------------------------------------------------
SQL> --                              MODEL DETAIL
SQL> -------------------------------------------------------------------------------
SQL> -- Explanation:
SQL> -- Display the details of the built model using the R script user defined.
SQL> -- Here R script RF_RDEMO_DETAIL_REGRESSION will be used to display the model
SQL> -- details.
SQL>
SQL> column name format a30
SQL> SELECT name, round(importance, 3) as importance,
  2  rank() OVER (ORDER BY importance DESC) rank
  3  from DM$VDRF_RDEMO_REGRESSION order by importance desc;

次の開始中にエラーが発生しました : 行 158 ファイル @ file:/Users/ynakakoshi/Documents/oml4sql/oracle-db-examples/machine-learning/sql/23ai-sample-schema-v23.3-create-model2/oml4sql-regression-random-forest.sql
コマンド -
SELECT name, round(importance, 3) as importance,
rank() OVER (ORDER BY importance DESC) rank
from DM$VDRF_RDEMO_REGRESSION order by importance desc
コマンド行 : 160 列 : 6 ファイル @ file:/Users/ynakakoshi/Documents/oml4sql/oracle-db-examples/machine-learning/sql/23ai-sample-schema-v23.3-create-model2/oml4sql-regression-random-forest.sql でのエラー
エラー・レポート -
SQLエラー: ORA-00942: table or view "WKSP_APEXDEV"."DM$VDRF_RDEMO_REGRESSION" does not
exist

https://docs.oracle.com/error-help/db/ora-00942/00942. 00000 -  "table or view%s does not exist"
*Cause:    The specified table or view did not exist, or a synonym
           pointed to a table or view that did not exist.
           To find existing user tables and views, query the
           ALL_TABLES and ALL_VIEWS data dictionary views. Certain
           privileges may be required to access the table. If an
           application returned this message, then the table that the
           application tried to access did not exist in the database, or
           the application did not have access to it.
*Action:   Check each of the following
           - The spelling of the table or view name is correct.
           - The referenced table or view name does exist.
           - The synonym points to an existing table or view.

More Details :
https://docs.oracle.com/error-help/db/ora-00942/
SQL>
SQL> -------------------------------------------------------------------------------
SQL> --                              MODEL SCORE
SQL> -------------------------------------------------------------------------------
SQL> -- Explanation:
SQL> -- Score the model using the R script user defined. Here R script
SQL> -- RF_RDEMO_SCORE_REGRESSION will be used to do the scoring.
SQL>
SQL> -- PREDICTION/PREDICTION_PROBABILITY ------------------------------------------
SQL> -- Explanation:
SQL> -- Show actual target value and predicted target values.
SQL>
SQL> SELECT CUST_ID, AGE as AGE_act,
  2  round(PREDICTION(RF_RDEMO_REGRESSION USING *), 3) as AGE_pred
  3  FROM mining_data_apply_v where CUST_ID <= 100010
  4  order by CUST_ID;

次の開始中にエラーが発生しました : 行 173 ファイル @ file:/Users/ynakakoshi/Documents/oml4sql/oracle-db-examples/machine-learning/sql/23ai-sample-schema-v23.3-create-model2/oml4sql-regression-random-forest.sql
コマンド -
SELECT CUST_ID, AGE as AGE_act,
round(PREDICTION(RF_RDEMO_REGRESSION USING *), 3) as AGE_pred
FROM mining_data_apply_v where CUST_ID <= 100010
order by CUST_ID
コマンド行 : 173 列 : 162 ファイル @ file:/Users/ynakakoshi/Documents/oml4sql/oracle-db-examples/machine-learning/sql/23ai-sample-schema-v23.3-create-model2/oml4sql-regression-random-forest.sql でのエラー
エラー・レポート -
SQLエラー: ORA-40284: model does not exist

https://docs.oracle.com/error-help/db/ora-40284/40284. 00000 -  "model does not exist"
*Cause:    The model entered does not exist.
*Action:   Check spelling.

More Details :
https://docs.oracle.com/error-help/db/ora-40284/
SQL>
SQL> -------------------------------------------------------------------------------
SQL> --                        RANDOM FOREST CLASSIFICATION DEMO
SQL> -------------------------------------------------------------------------------
SQL> -- Explaination:
SQL> -- This demo shows how to implement the random forest classification algorithm
SQL> -- in Oracle Data Mining using R randomForest algorithm.
SQL>
SQL> -- Cleanup old output table for repeat runs -----------------------------------
SQL> BEGIN EXECUTE IMMEDIATE 'DROP TABLE RF_RDEMO_SETTINGS_CL';
  2  EXCEPTION WHEN OTHERS THEN NULL; END;
  3  /

PL/SQLプロシージャが正常に完了しました。

SQL>
SQL> BEGIN
  2    sys.rqScriptDrop('RF_RDEMO_BUILD_CLASSIFICATION', v_silent => TRUE);
  3    sys.rqScriptDrop('RF_RDEMO_SCORE_CLASSIFICATION', v_silent => TRUE);
  4    sys.rqScriptDrop('RF_RDEMO_DETAILS_CLASSIFICATION', v_silent => TRUE);
  5    sys.rqScriptDrop('RF_RDEMO_WEIGHT_CLASSIFICATION', v_silent => TRUE);
  6  END;
  7  /
  sys.rqScriptDrop('RF_RDEMO_BUILD_CLASSIFICATION', v_silent => TRUE);
  *
行でエラーが発生しました 2:
ORA-06550: line 2, column 3:
PLS-00201: identifier 'SYS.RQSCRIPTDROP' must be declared
ORA-06550: line 2, column 3:
PL/SQL: Statement ignored
ORA-06550: line 3, column 3:
PLS-00201: identifier 'SYS.RQSCRIPTDROP' must be declared
ORA-06550: line 3, column 3:
PL/SQL: Statement ignored
ORA-06550: line 4, column 3:
PLS-00201: identifier 'SYS.RQSCRIPTDROP' must be declared
ORA-06550: line 4, column 3:
PL/SQL: Statement ignored
ORA-06550: line 5, column 3:
PLS-00201: identifier 'SYS.RQSCRIPTDROP' must be declared
ORA-06550: line 5, column 3:
PL/SQL: Statement ignored

https://docs.oracle.com/error-help/db/ora-06550/


More Details :
https://docs.oracle.com/error-help/db/ora-06550/
https://docs.oracle.com/error-help/db/pls-00201/
SQL>
SQL> -- Model Settings -------------------------------------------------------------
SQL> create table RF_RDEMO_SETTINGS_CL (
  2          setting_name varchar2(30),
  3          setting_value varchar2(4000));

Table RF_RDEMO_SETTINGS_CLは作成されました。

SQL>
SQL> BEGIN
  2   INSERT INTO RF_RDEMO_SETTINGS_CL VALUES
  3    ('ALGO_EXTENSIBLE_LANG', 'R');
  4  END;
  5  /

PL/SQLプロシージャが正常に完了しました。

SQL>
SQL> BEGIN
  2  -- Build Function -------------------------------------------------------------
  3  -- Explanation:
  4  -- User can define their own R script function to build the model they want.
  5  -- For example, here a script named RF_RDEMO_BUILD_CLASSIFICATION is defined.
  6  -- This function builds and returns a random forest classification model using
  7  -- R randomForest algorithm. User can also choose other R algorithm to
  8  -- implement the random forest classification algorithm.
  9
 10    sys.rqScriptCreate('RF_RDEMO_BUILD_CLASSIFICATION', 'function(dat) {
 11     require(randomForest);
 12     set.seed(1234);
 13     dat$AFFINITY_CARD=as.factor(dat$AFFINITY_CARD);
 14     mod <- randomForest(AFFINITY_CARD ~ ., data=dat);
 15     mod}');
 16
 17  -- Score R Function -----------------------------------------------------------
 18  -- Explanation:
 19  -- User can define their own R script function to do the scoring using the built
 20  -- model. For example, here a script named RF_RDEMO_SCORE_CLASSIFICATION is
 21  -- defined. This function creates and returns an R data.frame containing the
 22  -- target predictions with type vote. User can also define other prediction
 23  -- functions with other types. Note that the randomForest function in R
 24  -- requires types and levels of the scoring data be exactly same with types
 25  -- and levels of training data
 26
 27    sys.rqScriptCreate('RF_RDEMO_SCORE_CLASSIFICATION', 'function(mod, dat) {
 28    require(randomForest);
 29
 30    for(i in 1:length(names(dat))) {
 31        if(is.numeric(dat[1,i])) {
 32          dat[,i] = as.numeric(dat[,i]);}
 33        else {
 34          dat[,i] = factor(dat[,i], levels=mod$forest$xlevels[[i]]);
 35        }
 36    }
 37
 38    res <- data.frame(predict(mod, newdata=dat, type="vote"));
 39    names(res) <- c("0", "1");
 40    res}');
 41
 42  -- Detail R Function -----------------------------------------------------------
 43  -- Explanation:
 44  -- User can define their own R script function to show the model details they
 45  -- want to display. For example, here a script named
 46  -- RF_RDEMO_DETAILS_CLASSIFICATION is defined. This function creates and
 47  -- returns an R data.frame containing the attribute importance of the built
 48  -- random forest classification model. User can also display other details.
 49
 50    sys.rqScriptCreate('RF_RDEMO_DETAILS_CLASSIFICATION', 'function(object, x) {
 51     mod <- object;
 52     data.frame(row_name=row.names(mod$importance), importance=mod$importance)}');
 53
 54  -- Weight R Function -----------------------------------------------------------
 55  -- Explanation:
 56  -- User can define their own R script function to provide the attribute weights
 57  -- of the scoring data. For example, here a script named
 58  -- RF_RDEMO_WEIGHT_CLASSIFICATION is defined. This function creates and returns
 59  -- an R data.frame containing the weights of each attribute of the scoring data.
 60  -- Here we simply use the ratio of the predicted target probability with all
 61  -- attribute values present to the predicted target probability with one
 62  -- attribute value missing as the weight of the missing attribute. User can
 63  -- define their own method to calculate the attribute weight. Note that the
 64  -- randomForest function in R requires types and levels of the scoring data be
 65  -- exactly same with types and levels of training data.
 66
 67    sys.rqScriptCreate('RF_RDEMO_WEIGHT_CLASSIFICATION', 'function(mod, dat, clas) {
 68     require(randomForest);
 69
 70     for(i in 1:length(names(dat))) {
 71         if(is.numeric(dat[,i])) {
 72           dat[,i] = as.numeric(dat[,i]);}
 73         else {
 74           dat[,i] = factor(dat[,i], levels=mod$forest$xlevels[[i]]);
 75         }
 76     }
 77
 78     v0 <- as.data.frame(predict(mod, newdata=dat, type = "prob"));
 79     res <- data.frame(lapply(seq_along(dat),
 80     function(x, dat) {
 81     if(is.numeric(dat[[x]])) dat[,x] <- as.numeric(0)
 82     else {dat[,x] <- factor(NA, levels = mod$forest$xlevels[[x]]);};
 83     vv <- as.data.frame(predict(mod, newdata = dat, type = "prob"));
 84     v0[[clas]] / vv[[clas]]}, dat = dat));
 85     names(res) <- names(dat);
 86     res}');
 87
 88    INSERT INTO RF_RDEMO_SETTINGS_CL
 89      VALUES(dbms_data_mining.ralg_build_function, 'RF_RDEMO_BUILD_CLASSIFICATION');
 90    INSERT INTO RF_RDEMO_SETTINGS_CL
 91      VALUES(dbms_data_mining.ralg_score_function, 'RF_RDEMO_SCORE_CLASSIFICATION');
 92    INSERT INTO RF_RDEMO_SETTINGS_CL
 93      VALUES(dbms_data_mining.ralg_details_function, 'RF_RDEMO_DETAILS_CLASSIFICATION');
 94    INSERT INTO RF_RDEMO_SETTINGS_CL
 95      VALUES(dbms_data_mining.ralg_weight_function, 'RF_RDEMO_WEIGHT_CLASSIFICATION');
 96
 97  -- Once this setting is specified, a model view will be created. This model
 98  -- view will be generated to display the model details, which contains the
 99  -- attribute names and the corresponding importance.
100
101    INSERT INTO RF_RDEMO_SETTINGS_CL
102      VALUES(dbms_data_mining.ralg_details_format,
103      'select cast(''a'' as varchar2(100)) name, 1 importance from dual');
104  END;
105  /
  sys.rqScriptCreate('RF_RDEMO_BUILD_CLASSIFICATION', 'function(dat) {
  *
行でエラーが発生しました 10:
ORA-06550: line 10, column 3:
PLS-00201: identifier 'SYS.RQSCRIPTCREATE' must be declared
ORA-06550: line 10, column 3:
PL/SQL: Statement ignored
ORA-06550: line 27, column 3:
PLS-00201: identifier 'SYS.RQSCRIPTCREATE' must be declared
ORA-06550: line 27, column 3:
PL/SQL: Statement ignored
ORA-06550: line 50, column 3:
PLS-00201: identifier 'SYS.RQSCRIPTCREATE' must be declared
ORA-06550: line 50, column 3:
PL/SQL: Statement ignored
ORA-06550: line 67, column 3:
PLS-00201: identifier 'SYS.RQSCRIPTCREATE' must be declared
ORA-06550: line 67, column 3:
PL/SQL: Statement ignored

https://docs.oracle.com/error-help/db/ora-06550/


More Details :
https://docs.oracle.com/error-help/db/ora-06550/
https://docs.oracle.com/error-help/db/pls-00201/
SQL>
SQL> BEGIN DBMS_DATA_MINING.DROP_MODEL('RF_RDEMO_CLASSIFICATION');
  2  EXCEPTION WHEN OTHERS THEN NULL; END;
  3  /

PL/SQLプロシージャが正常に完了しました。

SQL>
SQL> -------------------------------------------------------------------------------
SQL> --                              MODEL BUILD
SQL> -------------------------------------------------------------------------------
SQL> -- Explanation:
SQL> -- Build the model using the R script user defined. Here R script
SQL> -- RF_RDEMO_BUILD_CLASSIFICATION will be used to create the random forest
SQL> -- classification model RF_RDEMO_CLASSIFICATION using dataset mining_data_build_v.
SQL>
SQL> begin
  2    dbms_data_mining.create_model(
  3      model_name          => 'RF_RDEMO_CLASSIFICATION',
  4      mining_function     => dbms_data_mining.classification,
  5      data_table_name     => 'mining_data_build_v',
  6      case_id_column_name => 'CUST_ID',
  7      target_column_name  => 'AFFINITY_CARD',
  8      settings_table_name => 'RF_RDEMO_SETTINGS_CL');
  9  end;
 10  /
begin
*
行でエラーが発生しました 1:
ORA-40150: Model BUILD function is not specified.
ORA-06512: at "SYS.DBMS_DATA_MINING", line 355
ORA-06512: at "SYS.DBMS_DATA_MINING", line 603
ORA-06512: at "SYS.DBMS_DATA_MINING", line 563
ORA-06512: at line 2

https://docs.oracle.com/error-help/db/ora-40150/


More Details :
https://docs.oracle.com/error-help/db/ora-40150/
https://docs.oracle.com/error-help/db/ora-06512/
SQL>
SQL> -------------------------------------------------------------------------------
SQL> --                              MODEL DETAIL
SQL> -------------------------------------------------------------------------------
SQL> -- Display the details of the built model using the R script user defined.
SQL> -- Here R script RF_RDEMO_DETAIL_CLASSIFICATION will be used to display the
SQL> -- model details.
SQL>
SQL> column name format a30
SQL> select name, round(importance, 3) as importance,
  2  rank() OVER (ORDER BY importance DESC) rank
  3  from DM$VDRF_RDEMO_CLASSIFICATION order by importance desc;

次の開始中にエラーが発生しました : 行 346 ファイル @ file:/Users/ynakakoshi/Documents/oml4sql/oracle-db-examples/machine-learning/sql/23ai-sample-schema-v23.3-create-model2/oml4sql-regression-random-forest.sql
コマンド -
select name, round(importance, 3) as importance,
rank() OVER (ORDER BY importance DESC) rank
from DM$VDRF_RDEMO_CLASSIFICATION order by importance desc
コマンド行 : 348 列 : 6 ファイル @ file:/Users/ynakakoshi/Documents/oml4sql/oracle-db-examples/machine-learning/sql/23ai-sample-schema-v23.3-create-model2/oml4sql-regression-random-forest.sql でのエラー
エラー・レポート -
SQLエラー: ORA-00942: table or view "WKSP_APEXDEV"."DM$VDRF_RDEMO_CLASSIFICATION" does not
exist

https://docs.oracle.com/error-help/db/ora-00942/00942. 00000 -  "table or view%s does not exist"
*Cause:    The specified table or view did not exist, or a synonym
           pointed to a table or view that did not exist.
           To find existing user tables and views, query the
           ALL_TABLES and ALL_VIEWS data dictionary views. Certain
           privileges may be required to access the table. If an
           application returned this message, then the table that the
           application tried to access did not exist in the database, or
           the application did not have access to it.
*Action:   Check each of the following
           - The spelling of the table or view name is correct.
           - The referenced table or view name does exist.
           - The synonym points to an existing table or view.

More Details :
https://docs.oracle.com/error-help/db/ora-00942/
SQL>
SQL> -------------------------------------------------------------------------------
SQL> --                              MODEL SCORE
SQL> -------------------------------------------------------------------------------
SQL> -- Explanation:
SQL> -- Score the model using the R script user defined.
SQL>
SQL> -- PREDICTION/PREDICTION_PROBABILITY ------------------------------------------
SQL> -- Explanation:
SQL> -- Here R script RF_RDEMO_SCORE_CLASSIFICATION is used to get the prediction
SQL> -- value and the prediction probability. Actual target value and predicted
SQL> -- target values are provided.
SQL>
SQL> SELECT cust_id, affinity_card as affinity_card_act,
  2  PREDICTION(RF_RDEMO_CLASSIFICATION USING *) affinity_card_pred,
  3  round(PREDICTION_PROBABILITY(RF_RDEMO_CLASSIFICATION USING *), 3)
  4  as affinity_card_prob
  5  FROM mining_data_apply_v where CUST_ID <= 100010
  6  order by cust_id;

次の開始中にエラーが発生しました : 行 362 ファイル @ file:/Users/ynakakoshi/Documents/oml4sql/oracle-db-examples/machine-learning/sql/23ai-sample-schema-v23.3-create-model2/oml4sql-regression-random-forest.sql
コマンド -
SELECT cust_id, affinity_card as affinity_card_act,
PREDICTION(RF_RDEMO_CLASSIFICATION USING *) affinity_card_pred,
round(PREDICTION_PROBABILITY(RF_RDEMO_CLASSIFICATION USING *), 3)
as affinity_card_prob
FROM mining_data_apply_v where CUST_ID <= 100010
order by cust_id
コマンド行 : 362 列 : 273 ファイル @ file:/Users/ynakakoshi/Documents/oml4sql/oracle-db-examples/machine-learning/sql/23ai-sample-schema-v23.3-create-model2/oml4sql-regression-random-forest.sql でのエラー
エラー・レポート -
SQLエラー: ORA-40284: model does not exist

https://docs.oracle.com/error-help/db/ora-40284/40284. 00000 -  "model does not exist"
*Cause:    The model entered does not exist.
*Action:   Check spelling.

More Details :
https://docs.oracle.com/error-help/db/ora-40284/
SQL>
SQL> -- PREDICTION_SET -------------------------------------------------------------
SQL> -- Explanation:
SQL> -- Here R script RF_RDEMO_SCORE_CLASSIFICATION is used to get the
SQL> -- prediction set. Actual target value and predicted target values are provided.
SQL>
SQL> select T.CUST_ID, T.affinity_card, S.prediction,
  2  round(S.probability, 3) as probability
  3  from (select CUST_ID, affinity_card,
  4  PREDICTION_SET(RF_RDEMO_CLASSIFICATION USING *) pset
  5  from mining_data_apply_v where CUST_ID <= 100010) T, TABLE(T.pset) S
  6  where S.probability > 0
  7  order by T.CUST_ID, S.prediction;

次の開始中にエラーが発生しました : 行 374 ファイル @ file:/Users/ynakakoshi/Documents/oml4sql/oracle-db-examples/machine-learning/sql/23ai-sample-schema-v23.3-create-model2/oml4sql-regression-random-forest.sql
コマンド -
select T.CUST_ID, T.affinity_card, S.prediction,
round(S.probability, 3) as probability
from (select CUST_ID, affinity_card,
PREDICTION_SET(RF_RDEMO_CLASSIFICATION USING *) pset
from mining_data_apply_v where CUST_ID <= 100010) T, TABLE(T.pset) S
where S.probability > 0
order by T.CUST_ID, S.prediction
コマンド行 : 380 列 : 25 ファイル @ file:/Users/ynakakoshi/Documents/oml4sql/oracle-db-examples/machine-learning/sql/23ai-sample-schema-v23.3-create-model2/oml4sql-regression-random-forest.sql でのエラー
エラー・レポート -
SQLエラー: ORA-40284: model does not exist

https://docs.oracle.com/error-help/db/ora-40284/40284. 00000 -  "model does not exist"
*Cause:    The model entered does not exist.
*Action:   Check spelling.

More Details :
https://docs.oracle.com/error-help/db/ora-40284/
SQL>
SQL> -- PREDICTION_DETAILS ---------------------------------------------------------
SQL> -- Explanation:
SQL> -- The R script RF_RDEMO_WEIGHT_CLASSIFICATION is used to get the prediction
SQL> -- details. The AFFINITY_CARD and the prediction details with the weight of each
SQL> -- attribute are provided.
SQL>
SQL> column pred_det format a65
SQL> SELECT CUST_ID, PREDICTION_DETAILS(RF_RDEMO_CLASSIFICATION, '1' USING *) pred_det
  2  FROM mining_data_apply_v where CUST_ID <= 100010
  3  order by CUST_ID;

次の開始中にエラーが発生しました : 行 389 ファイル @ file:/Users/ynakakoshi/Documents/oml4sql/oracle-db-examples/machine-learning/sql/23ai-sample-schema-v23.3-create-model2/oml4sql-regression-random-forest.sql
コマンド -
SELECT CUST_ID, PREDICTION_DETAILS(RF_RDEMO_CLASSIFICATION, '1' USING *) pred_det
FROM mining_data_apply_v where CUST_ID <= 100010
order by CUST_ID
コマンド行 : 389 列 : 148 ファイル @ file:/Users/ynakakoshi/Documents/oml4sql/oracle-db-examples/machine-learning/sql/23ai-sample-schema-v23.3-create-model2/oml4sql-regression-random-forest.sql でのエラー
エラー・レポート -
SQLエラー: ORA-40284: model does not exist

https://docs.oracle.com/error-help/db/ora-40284/40284. 00000 -  "model does not exist"
*Cause:    The model entered does not exist.
*Action:   Check spelling.

More Details :
https://docs.oracle.com/error-help/db/ora-40284/
SQL> spool oml4sql-regression-svm
