SQL> @oml4sql-regression-neural-networks
SQL> -----------------------------------------------------------------------
SQL> --   Oracle Machine Learning for SQL (OML4SQL) 23ai
SQL> --
SQL> --   Regression - Neural Networks Algorithm - dmnnrdem.sql
SQL> --
SQL> --   Copyright (c) 2024 Oracle Corporation and/or its affilitiates.
SQL> --
SQL> --  The Universal Permissive License (UPL), Version 1.0
SQL> --
SQL> --  https://oss.oracle.com/licenses/upl/
SQL> -----------------------------------------------------------------------
SQL> SET serveroutput ON
SQL> SET trimspool ON
SQL> SET pages 10000
SQL> SET echo ON
SQL>
SQL> -----------------------------------------------------------------------
SQL> --                            SAMPLE PROBLEM
SQL> -----------------------------------------------------------------------
SQL> -- Given demographic, purchase, and affinity card membership data for a
SQL> -- set of customers, predict customer's age. Since age is a continuous
SQL> -- variable, this is a regression problem.
SQL>
SQL> -----------------------------------------------------------------------
SQL> --                            SET UP AND ANALYZE DATA
SQL> -----------------------------------------------------------------------
SQL>
SQL> -- The data for this sample is composed from base tables in the SH Schema
SQL> -- (See Sample Schema Documentation) and presented through these views:
SQL> -- mining_data_build_v (build data)
SQL> -- mining_data_test_v  (test data)
SQL> -- mining_data_apply_v (apply data)
SQL> -- (See dmsh.sql for view definitions).
SQL> --
SQL> -----------
SQL> -- ANALYSIS
SQL> -----------
SQL> -- For regression using NN, perform the following on mining data.
SQL> --
SQL> -- 1. Use Auto Data Preparation
SQL> --
SQL>
SQL> -----------------------------------------------------------------------
SQL> --                            BUILD THE MODEL
SQL> -----------------------------------------------------------------------
SQL>
SQL> -- Cleanup old model with same name (if any)
SQL> BEGIN DBMS_DATA_MINING.DROP_MODEL('NNR_SH_Regr_sample');
  2  EXCEPTION WHEN OTHERS THEN NULL; END;
  3  /

PL/SQLプロシージャが正常に完了しました。

SQL>
SQL> ---------------------
SQL> -- CREATE A NEW MODEL
SQL> --
SQL> DECLARE
  2      v_setlst DBMS_DATA_MINING.SETTING_LIST;
  3  BEGIN
  4      v_setlst('ALGO_NAME')        := 'ALGO_NEURAL_NETWORK';
  5      v_setlst('PREP_AUTO')        := 'ON';
  6      v_setlst('ODMS_RANDOM_SEED') := '12';
  7
  8      -- Examples of other possible settings are:
  9      --v_setlst('NNET_HIDDEN_LAYERS') := '2';
 10      --v_setlst('NNET_NODES_PER_LAYER') := '10, 30';
 11      --v_setlst('NNET_ITERATIONS') := '100';
 12      --v_setlst('NNET_TOLERANCE') := '0.0001';
 13      --v_setlst('NNET_ACTIVATIONS') := 'NNET_ACTIVATIONS_LOG_SIG';
 14      --v_setlst('NNET_REGULARIZER') := 'NNET_REGULARIZER_HELDASIDE';
 15      --v_setlst('NNET_HELDASIDE_RATIO') := '0.3';
 16      --v_setlst('NNET_HELDASIDE_MAX_FAIL') := '5';
 17      --v_setlst('NNET_REGULARIZER') := 'NNET_REGULARIZER_L2';
 18      --v_setlst('NNET_REG_LAMBDA') := '0.5';
 19      --v_setlst('NNET_WEIGHT_UPPER_BOUND') := '0.7';
 20      --v_setlst('NNET_WEIGHT_LOWER_BOUND') := '-0.6';
 21      --v_setlst('LBFGS_HISTORY_DEPTH') := '20';
 22      --v_setlst('LBFGS_SCALE_HESSIAN') := 'LBFGS_SCALE_HESSIAN_DISABLE';
 23      --v_setlst('LBFGS_GRADIENT_TOLERANCE') := '0.0001';
 24
 25      DBMS_DATA_MINING.CREATE_MODEL2(
 26          MODEL_NAME          => 'NNR_SH_Regr_sample',
 27          MINING_FUNCTION     => 'REGRESSION',
 28          DATA_QUERY          => 'SELECT * FROM mining_data_build_v',
 29          SET_LIST            => v_setlst,
 30          CASE_ID_COLUMN_NAME => 'cust_id',
 31          TARGET_COLUMN_NAME  => 'age');
 32  END;
 33  /

PL/SQLプロシージャが正常に完了しました。

SQL>
SQL> -------------------------
SQL> -- DISPLAY MODEL SETTINGS
SQL> --
SQL> column setting_name format a30
SQL> column setting_value format a30
SQL> SELECT setting_name, setting_value
  2    FROM user_mining_model_settings
  3   WHERE model_name = 'NNR_SH_REGR_SAMPLE'
  4  ORDER BY setting_name;

SETTING_NAME                   SETTING_VALUE
------------------------------ ------------------------------
ALGO_NAME                      ALGO_NEURAL_NETWORK
NNET_ACTIVATIONS               'NNET_ACTIVATIONS_LOG_SIG'
NNET_HIDDEN_LAYERS             1
NNET_TOLERANCE                 .000001
ODMS_DETAILS                   ODMS_ENABLE
ODMS_MISSING_VALUE_TREATMENT   ODMS_MISSING_VALUE_AUTO
ODMS_RANDOM_SEED               12
ODMS_SAMPLING                  ODMS_SAMPLING_DISABLE
PREP_AUTO                      ON

9行が選択されました。

SQL>
SQL> --------------------------
SQL> -- DISPLAY MODEL SIGNATURE
SQL> --
SQL> col attribute_name format a30
SQL> column attribute_type format a20
SQL> SELECT attribute_name, attribute_type
  2    FROM user_mining_model_attributes
  3   WHERE model_name = 'NNR_SH_REGR_SAMPLE'
  4  ORDER BY attribute_name;

ATTRIBUTE_NAME                 ATTRIBUTE_TYPE
------------------------------ --------------------
AFFINITY_CARD                  NUMERICAL
AGE                            NUMERICAL
BASEBALL                       NUMERICAL
COUNTRY_NAME                   CATEGORICAL
CRICKET                        NUMERICAL
CUST_GENDER                    CATEGORICAL
CUST_INCOME_LEVEL              CATEGORICAL
CUST_MARITAL_STATUS            CATEGORICAL
EDUCATION                      CATEGORICAL
GOLF                           NUMERICAL
HOUSEHOLD_SIZE                 CATEGORICAL
MISC                           NUMERICAL
OCCUPATION                     CATEGORICAL
SOCCER                         NUMERICAL
TENNIS                         NUMERICAL
UNKNOWN                        NUMERICAL
YRS_RESIDENCE                  NUMERICAL

17行が選択されました。

SQL>
SQL> ------------------------
SQL> -- DISPLAY MODEL DETAILS
SQL> --
SQL> -- Get a list of model views
SQL> col view_name format a30
SQL> col view_type format a50
SQL> SELECT view_name, view_type FROM user_mining_model_views
  2  WHERE model_name='NNR_SH_REGR_SAMPLE'
  3  ORDER BY view_name;

VIEW_NAME                      VIEW_TYPE
------------------------------ --------------------------------------------------
DM$VANNR_SH_REGR_SAMPLE        Neural Network Weights
DM$VGNNR_SH_REGR_SAMPLE        Global Name-Value Pairs
DM$VNNNR_SH_REGR_SAMPLE        Normalization and Missing Value Handling
DM$VSNNR_SH_REGR_SAMPLE        Computed Settings
DM$VWNNR_SH_REGR_SAMPLE        Model Build Alerts

5行が選択されました。

SQL>
SQL> -----------------------------------------------------------------------
SQL> --                               TEST THE MODEL
SQL> -----------------------------------------------------------------------
SQL>
SQL> ------------------------------------
SQL> -- COMPUTE METRICS TO TEST THE MODEL
SQL> --
SQL>
SQL> -- 1. Root Mean Square Error - Sqrt(Mean((y - y')^2))
SQL> --
SQL> column rmse format 9999.99
SQL> SELECT SQRT(AVG((prediction - age) * (prediction - age))) rmse
  2    FROM (select age, PREDICTION(nnr_sh_regr_sample USING *) prediction
  3          from mining_data_test_v);

    RMSE
--------
    7.34

1行が選択されました。

SQL>
SQL> -- 2. Mean Absolute Error - Mean(|(y - y')|)
SQL> --
SQL> column mae format 9999.99
SQL> SELECT AVG(ABS(prediction - age)) mae
  2    FROM (select age, PREDICTION(nnr_sh_regr_sample USING *) prediction
  3          from mining_data_test_v);

     MAE
--------
    5.02

1行が選択されました。

SQL>
SQL> -- 3. Residuals
SQL> --    If the residuals show substantial variance between
SQL> --    the predicted value and the actual, you can consider
SQL> --    changing the algorithm parameters.
SQL> --
SQL> column prediction format 99.9999
SQL> SELECT prediction, (prediction - age) residual
  2    FROM (select age, PREDICTION(nnr_sh_regr_sample USING *) prediction
  3          from mining_data_test_v)
  4   WHERE prediction < 17.5
  5   ORDER BY prediction;

PREDICTION   RESIDUAL
---------- ----------
    5.1843 -2.8157208
    6.0652 -6.93479275
    6.2709 -5.72907359
    6.3744 -5.62559531
    6.3920 .392043649
    6.5027 -5.49728254
    6.8170 -2.18297685
    6.8992 .899233039
    6.9656  .96564813
    7.0031 -0.996940527
    7.0679 -6.93214309
    7.2230 -1.77700411
    7.2446 -0.755410484
    7.7280 -3.27201853
    7.8005  1.8005269
    7.8836 -1.11635154
    7.9286 -0.0714309568
    7.9529 1.95286053
    7.9669 1.96694368
    7.9822 -9.01782627
    7.9875 -2.01254721
    8.0288 1.02882419
    8.0363 2.03627574
    8.1091 -5.89091746
    8.1506 -6.84942185
    8.1837 -4.81629554
    8.1849 -4.81512647
    8.2408 -0.759206987
    8.2408 .240793013
    8.3244 -0.675644819
    8.3321 -9.66787418
    8.3753 2.37528241
    8.3784 -2.62164866
    8.3922 2.39217068
    8.4651 -8.53492693
    8.5119 .511908335
    8.5358 1.53583382
    8.5609 .560887609
    8.5730  -2.427005
    8.5925 -1.40750497
    8.6120 2.61202064
    8.6405 1.64046937
    8.6648  1.6648105
    8.6673 -5.33265499
    8.7109 .710922392
    8.7138 -0.286201003
    8.7177 -3.28228024
    8.7345 -5.26551602
    8.7956 -0.204396454
    8.8223 -0.177676053
    8.8321 1.83207426
    8.8709 2.87091861
    8.8889 -1.11105379
    8.9180 -0.0819956122
    8.9263 -4.07368034
    8.9298 -3.07023363
    8.9469 -2.05306841
    8.9581 -1.04191252
    9.0162 2.01620121
    9.0477 2.04771479
    9.0847 -3.91533099
    9.1122 .112242042
    9.1912 -3.80881573
    9.2264 3.22635814
    9.2295 .229468269
    9.2902 -1.70984736
    9.2953 -1.70474453
    9.3109 2.31085334
    9.3792 .379180987
    9.3843 -0.615712394
    9.4119 -0.588090915
    9.4147  2.4147485
    9.5072 -6.49283677
    9.5076 -1.49242068
    9.5751 2.57507587
    9.5849 -7.41507966
    9.6110 -0.38904099
    9.6352 .635228303
    9.6392 1.63918076
    9.6461 2.64606618
    9.6508 -3.3492479
    9.6528 -0.347232248
    9.6560 .656020333
    9.6578 -1.34218816
    9.6757 .675679274
    9.6972 -2.30282777
    9.7024 .702355722
    9.7259 1.72593996
    9.7438 3.74382755
    9.7461  2.7461442
    9.7462 -3.25384598
    9.7550 -6.24496488
    9.7555 -2.24450983
    9.7854 1.78541836
    9.7948 -2.20520166
    9.8012 -3.1988199
    9.8306 -8.16943311
    9.8330 2.83303995
    9.8569 -0.143056919
    9.8898 -0.11019048
    9.9306 .930612025
   10.0034 -2.99655211
   10.0063 .00630877469
   10.0064 -1.99363908
   10.0198 -6.98020815
   10.0269 -1.97312448
   10.0570 -6.94301617
   10.0717 .0717341593
   10.1092 3.10919423
   10.1173 1.11734958
   10.1173 -5.88265042
   10.1372 2.13720658
   10.1714 1.17136218
   10.2266 -1.77335168
   10.2568 4.25680942
   10.2693  .26931482
   10.2754 2.27541279
   10.2769 3.27688583
   10.3111 -1.68893997
   10.3304 3.33036943
   10.3360 .336045328
   10.3433 -5.65666186
   10.3433 -3.65666186
   10.3472 -2.65280005
   10.3684 3.36842959
   10.3855 -2.61453915
   10.3855 1.38546085
   10.3855 .385460852
   10.3878 -0.612158739
   10.4032 -1.59675925
   10.4204 -0.579550238
   10.4348 -4.56521496
   10.4447 -2.55525814
   10.4546 -1.54540185
   10.4567 -4.54328101
   10.4611 -1.53889049
   10.4611 1.46111055
   10.4611 -0.538889446
   10.5375 -6.4624589
   10.5421 1.54208289
   10.5501 2.55013852
   10.5947 -2.40529023
   10.5947 1.59470977
   10.5964 -2.40363805
   10.6318 .631829822
   10.6418 -5.35815879
   10.6512 -1.34875705
   10.6613 3.66130078
   10.6616 -7.33842177
   10.6988 -1.30123746
   10.7010 -5.29899352
   10.7791 -1.22087312
   10.7796 1.77960027
   10.7969 -5.20312031
   10.7986 -0.201412835
   10.7997 1.79966811
   10.8305 3.83050468
   10.8409 -2.15907108
   10.8480 -3.15201865
   10.8649 1.86487242
   10.8788 -2.12120613
   10.8951 -0.104904792
   10.9003 -2.09969204
   10.9277 -7.07231727
   10.9494 -1.05056486
   10.9596 -2.04035319
   10.9789 -3.02110241
   10.9857 3.98569033
   10.9895 -3.01053315
   11.0108 -1.98915271
   11.0257 -2.97431384
   11.0581 .058126131
   11.0717 3.07172521
   11.0822 -3.91778761
   11.1060 2.10601841
   11.1149 -2.88507328
   11.1154 1.11542852
   11.1217 -2.87831632
   11.1235 -1.87654986
   11.1235 -1.87654986
   11.1433 .143339996
   11.1855 -1.81450127
   11.1855 2.18549873
   11.1864 3.18643476
   11.2013 .201326919
   11.2013 3.20132692
   11.2013 .201326919
   11.2044 .204352208
   11.2745 .274468522
   11.2770 1.27703283
   11.3085 2.30852315
   11.3086 -6.69143342
   11.3467  .34665903
   11.3812 -0.618811432
   11.3963  1.3963254
   11.4002 -1.59983742
   11.4172 5.41720362
   11.4497 -2.55033764
   11.4498 2.44979956
   11.4610 -2.5389765
   11.4620 3.46201777
   11.5123 3.51233767
   11.5300 -4.47003127
   11.5330 .533002969
   11.5622  -1.437773
   11.5998 -1.40022134
   11.6111 -2.38885701
   11.6124 -5.38757266
   11.6155 -3.38451396
   11.6310    .631004
   11.6349 -1.3650777
   11.6423 3.64228445
   11.6751 -1.32493287
   11.6844 -1.31557309
   11.6914 1.69137295
   11.7004 -0.299600468
   11.7050 .705027597
   11.7211 -5.27892465
   11.7212 3.72115343
   11.7315 -3.2684793
   11.7451 -6.25485058
   11.7951 -1.20485088
   11.8205 -4.17951575
   11.8265 -6.17351382
   11.8266 -2.17340668
   11.8395 3.83952523
   11.8611 -4.13892312
   11.9084 -0.0915849535
   11.9117  5.9116904
   11.9129 -6.08713224
   11.9144 2.91442161
   11.9182 -2.08176619
   11.9219 2.92187709
   11.9234 3.92340003
   11.9310 -0.0689734169
   11.9576 -5.04244241
   11.9620 -0.0380342685
   11.9689 -2.03113187
   12.0150 -0.9850473
   12.0160 .015971515
   12.0344 1.03444547
   12.0402 5.04019635
   12.0402 3.04019635
   12.0577 -0.942283114
   12.0629 -1.93712086
   12.1584 -4.84155742
   12.1926  -1.807414
   12.2083 -4.79173447
   12.2368 1.23682073
   12.2712 .271235612
   12.3298 -2.67020168
   12.3390 3.33899222
   12.3520  5.3519976
   12.3620 2.36197382
   12.3713 -2.6286545
   12.3722 -2.62777356
   12.4165  -1.583514
   12.4244 4.42441842
   12.4460 .446029503
   12.4565 -4.54346147
   12.4765 -2.5235388
   12.4780 4.47801532
   12.4895 -3.51047785
   12.4926 -1.50744731
   12.4950 2.49502547
   12.5041 .504145538
   12.5084 -2.4916124
   12.5444 -1.45557466
   12.5582 2.55822856
   12.5683 3.56831109
   12.5812 -4.4188427
   12.5828 -4.41724079
   12.5831 1.58312147
   12.5896 -1.41037339
   12.5904 -0.409648169
   12.5937 6.59370528
   12.5998 -1.40015782
   12.6163 3.61634388
   12.6163 1.61634388
   12.6191 -5.38094954
   12.6219 -0.378148953
   12.6333 4.63328035
   12.6369 1.63688019
   12.6487 -1.35133115
   12.6536 -1.34644717
   12.6542 -1.34580193
   12.6562 .656200691
   12.6607 4.66065383
   12.6868 -0.31315619
   12.7197 -4.28031823
   12.7217 1.72168822
   12.7241 3.72414823
   12.7290 -2.27098694
   12.7667 -5.23332641
   12.7864  .78640572
   12.7977 -1.20229234
   12.8119 -0.188099719
   12.8243 -2.17569615
   12.8269 2.82692439
   12.8403 2.84025466
   12.8475 -5.15253471
   12.8601 -3.13992289
   12.8625 -5.13751689
   12.8800 -3.12001951
   12.8889 4.88889297
   12.8938 4.89378462
   12.8986 1.89857621
   12.9047 -4.09531497
   12.9178 2.91781392
   12.9398 -3.06017098
   12.9991 -3.00093448
   13.0204 1.02037392
   13.0211 .0211284781
   13.0616 3.06163665
   13.0647 2.06465639
   13.0765 -3.92354069
   13.0898 -4.91023529
   13.1403 -2.85968411
   13.1452  1.1452278
   13.1466 -1.85343981
   13.1620 -3.83799825
   13.1687 1.16866654
   13.1710 -1.8289622
   13.2208 -2.77921308
   13.2399 -0.760130612
   13.2399 -2.76013061
   13.2400 2.24000719
   13.2566 -1.74341016
   13.2570 1.25702302
   13.2572 -0.742808199
   13.2592 -1.74077525
   13.2634 -1.73658667
   13.2862 -1.71377063
   13.3332 -2.66681735
   13.3340 .333981258
   13.4074 2.40739677
   13.4142 -3.58576252
   13.4142 -3.58576252
   13.4261 -3.57394239
   13.4457 -3.55429966
   13.4465 4.44651197
   13.4560 4.45599013
   13.4677 -1.53232688
   13.4705 -1.52950439
   13.5003 -3.49968913
   13.5142 .514214676
   13.5201 -2.47987036
   13.5295 4.52952551
   13.5405 -4.45948602
   13.5415 4.54152493
   13.5548 1.55478745
   13.5711 2.57106445
   13.6033 3.60326043
   13.6293 5.62932432
   13.6416 2.64161648
   13.6468 -0.353175824
   13.6666 -0.333357235
   13.6719 -1.32814027
   13.6953 -4.30467434
   13.6954 5.69535304
   13.7174 -1.28256283
   13.7194 -2.2806247
   13.7914 -3.20855195
   13.7996  4.7996373
   13.8007 1.80065032
   13.8117 .811651249
   13.8582 -3.14175278
   13.8821 -1.1178553
   13.8911 -3.10888538
   13.9016 .901556046
   13.9517 .951729821
   13.9541 4.95414263
   13.9655 -1.03451025
   13.9777  .97770128
   14.0256 .0256478709
   14.0288 .0287964327
   14.0330 2.03302354
   14.0590 -0.9409669
   14.0590 -3.9409669
   14.0590 -2.9409669
   14.0737 -2.92625428
   14.0807 -3.91932702
   14.0811 -3.91894464
   14.0931 -3.90685701
   14.0960 2.09597774
   14.1075 -0.892525714
   14.1094 .109363013
   14.1116 -2.88835056
   14.1306 -2.86935106
   14.1559 2.15593982
   14.1598 .159818357
   14.1613 .161315647
   14.1704  3.1703838
   14.1704  4.1703838
   14.1756 -1.82436531
   14.1787 -0.821339966
   14.1806 4.18063648
   14.1874 -0.812628761
   14.2088 .208804494
   14.2156 -3.78437192
   14.2272  .22724932
   14.2397 -1.76030653
   14.2446 -3.75539362
   14.2550 -3.74499756
   14.2663 -2.73373577
   14.2691 2.26913442
   14.2691 3.26913442
   14.3094 -2.69056505
   14.3141 -0.685888334
   14.3976 3.39760058
   14.4023 4.40233972
   14.4023 6.40233972
   14.4566 -3.54338397
   14.4648 -2.53517758
   14.4655 -2.53454945
   14.4873 -0.512705433
   14.4987  .49866566
   14.4987 -1.50133434
   14.5368 -0.463193269
   14.5869 .586867941
   14.5901 -2.40993708
   14.5967 -1.40325501
   14.5989 -1.40106355
   14.6003 -1.39968097
   14.6024 -3.39762464
   14.6859 -3.3141348
   14.7290 -1.27096156
   14.7294 2.72938878
   14.7367 -0.263255777
   14.7414 -0.258618839
   14.7590 -3.24101017
   14.8266 5.82655214
   14.8449 .844892304
   14.8630 -2.13695113
   14.8638 -2.13617787
   14.8830 5.88300319
   14.9007 1.90069323
   14.9710 -1.02900343
   14.9819 -2.0180922
   15.0756 1.07556406
   15.1083 -1.8917275
   15.1303 -1.86967492
   15.1429  .14290996
   15.1495 .149454121
   15.1614 -1.83863163
   15.1649 .164927227
   15.2461 2.24611261
   15.2502 .250174654
   15.2987 -1.70133722
   15.3034 -2.69659095
   15.3046 -1.69536503
   15.4206 -0.579435584
   15.4212 2.42119324
   15.4448 .444768761
   15.5223 -0.477714512
   15.5906 1.59055356
   15.6079 -1.39210236
   15.6282 2.62816211
   15.6676 -7.33236423
   15.7066 -1.29338281
   15.7561 -0.243943951
   15.7673 .767271821
   15.7845 -2.21546368
   15.8520 3.85199576
   15.9189 -1.08111944
   15.9195 -1.08048731
   15.9559 1.95590318
   15.9763 -2.02370043
   15.9778 5.97777271
   15.9850 -1.0149554
   16.0589 3.05885351
   16.1317 -1.86827538
   16.2306 -0.769397152
   16.2445 .244517053
   16.3584 -1.64161848
   16.4503 -1.54967481
   16.4649 5.46487846
   16.4738  .47379642
   16.5678 -6.43220118
   16.5779 -3.42205393
   16.6277 4.62767319
   16.6410 -1.35903349
   16.8293 .829263887
   16.9846 -6.01535896
   17.0708 -0.929192093
   17.1046 -4.89544096
   17.1071 -0.892878084
   17.1223 3.12227359
   17.1967 -2.80333619
   17.2235 -3.77653534
   17.2482 -2.75175189
   17.3046 -1.69542874

492行が選択されました。

SQL>
SQL> -----------------------------------------------------------------------
SQL> --                               APPLY THE MODEL
SQL> -----------------------------------------------------------------------
SQL> -------------------------------------------------
SQL> -- SCORE NEW DATA USING SQL DATA MINING FUNCTIONS
SQL> --
SQL> ------------------
SQL> -- BUSINESS CASE 1
SQL> -- Predict the average age of customers, broken out by gender.
SQL> --
SQL> column cust_gender format a12
SQL> SELECT A.cust_gender,
  2         COUNT(*) AS cnt,
  3         ROUND(
  4         AVG(PREDICTION(nnr_sh_regr_sample USING A.*)),4)
  5         AS avg_age
  6    FROM mining_data_apply_v A
  7  GROUP BY cust_gender
  8  ORDER BY cust_gender;

CUST_GENDER         CNT    AVG_AGE
------------ ---------- ----------
F                   512    25.1795
M                   988    27.7224

2行が選択されました。

SQL>
SQL> ------------------
SQL> -- BUSINESS CASE 2
SQL> -- Create a 10 bucket histogram of customers from Italy based on their age
SQL> -- and return each customer's age group.
SQL> --
SQL> column pred_age format 999.99
SQL> SELECT cust_id,
  2         PREDICTION(nnr_sh_regr_sample USING *) pred_age,
  3         WIDTH_BUCKET(
  4          PREDICTION(nnr_sh_regr_sample USING *), 10, 100, 10) "Age Group"
  5    FROM mining_data_apply_v
  6   WHERE country_name = 'Italy'
  7  ORDER BY pred_age;

   CUST_ID PRED_AGE  Age Group
---------- -------- ----------
    101060     8.92          0
    100547    10.80          1
    101358    10.83          1
    100194    11.20          1
    100153    11.97          1
    101487    12.72          1
    100206    13.17          1
    100784    13.50          1
    100348    14.49          1
    100340    16.64          1
    100736    17.30          1
    101250    18.66          1
    101021    18.97          1
    100918    19.22          2
    101100    21.84          2
    100758    31.61          3
    100251    31.88          3
    100713    32.01          3
    101306    32.56          3
    100382    33.48          3
    100667    33.98          3
    101345    34.13          3
    100344    34.66          3
    100899    34.72          3
    100324    35.08          3
    100994    35.62          3
    100653    36.37          3
    100660    37.49          4
    100554    37.76          4
    101209    37.98          4
    100443    38.13          4
    101396    38.35          4
    100662    38.39          4
    100733    38.69          4
    100081    38.77          4
    101275    38.82          4
    101374    39.19          4
    100185    39.43          4
    100179    39.50          4
    101251    41.22          4
    100898    43.04          4
    101445    43.15          4
    101030    43.93          4

43行が選択されました。

SQL>
SQL> ------------------
SQL> -- BUSINESS CASE 3
SQL> -- Find the reasons (8 attributes with the most impact) for the
SQL> -- predicted age of customer 100001.
SQL> --
SQL> set long 2000
SQL> set line 200
SQL> set pagesize 100
SQL> SELECT PREDICTION_DETAILS(nnr_sh_regr_sample, null, 8 USING *) prediction_details
  2    FROM mining_data_apply_v
  3   WHERE cust_id = 100001;

PREDICTION_DETAILS
--------------------------------------------------------------------------------
<Details algorithm="Neural Network">
<Attribute name="TENNIS" actualValue="1" weight=".382" rank="1"/>
<Attribute name="UNKNOWN" actualValue="0" weight=".171" rank="2"/>
<Attribute name="CRICKET" actualValue="0" weight=".051" rank="3"/>
<Attribute name="AFFINITY_CARD" actualValue="0" weight=".037" rank="4"/>
<Attribute name="MISC" actualValue="0" weight=".027" rank="5"/>
<Attribute name="CUST_MARITAL_STATUS" actualValue="widowed" weight=".025" rank="
6"/>
<Attribute name="SOCCER" actualValue="1" weight=".022" rank="7"/>
<Attribute name="CUST_INCOME_LEVEL" actualValue="G: 130,000 - 149,999" weight=".
017" rank="8"/>
</Details>

1行が選択されました。

SQL> spool oml4sql-regression-random-forest
